INFO: 2021-04-20 05:12:28,741 Using <web3.main.Web3 object at 0x0000021EED184730> ('BSC')
INFO: 2021-04-20 05:12:28,882 Using factory contract: <web3._utils.datatypes.Contract object at 0x0000021EED184490>
INFO: 2021-04-20 05:12:29,107 Using <web3.main.Web3 object at 0x0000021EED26D130> ('BSC')
INFO: 2021-04-20 05:12:29,235 Using factory contract: <web3._utils.datatypes.Contract object at 0x0000021EED1E5370>
INFO: 2021-04-20 05:12:30,468 2021-04-20 05:12:30.468926 Current Tokens Staked = 2544.67713759
INFO: 2021-04-20 05:12:32,147 2021-04-20 05:12:32.147445 Casual Price = 100 Tokens Staked
INFO: 2021-04-20 05:12:32,147 2021-04-20 05:12:32.147445 Trader Price = 250 Tokens Staked
INFO: 2021-04-20 05:12:32,248 2021-04-20 05:12:32.248420 Welcome Pro User!
INFO: 2021-04-20 05:12:32,248 2021-04-20 05:12:32.248420 Starting Pro Bot
INFO: 2021-04-20 05:12:32,248 2021-04-20 05:12:32.248420 Calling Many
INFO: 2021-04-20 05:12:35,288 2021-04-20 05:12:35.288332 Current Ticker ESWAP: $ 1.136454 | Buy Price: 1 | Take Profit: 10 | Stop Loss: Not Enabled | Current Reserves: 4022561182735.7563 BNB
INFO: 2021-04-20 05:12:35,289 2021-04-20 05:12:35.289333 Current Ticker ESWAP: $ 1.136454 | Buy Price: 1 | Take Profit: 10 | Stop Loss: Not Enabled | Current Reserves: 4022561182735.7563 BNB
INFO: 2021-04-20 05:12:37,073 2021-04-20 05:12:37.073604 Current Ticker ESWAP: $ 1.136614 | Buy Price: 1 | Take Profit: 10 | Stop Loss: Not Enabled | Current Reserves: 4022561182735.7563 BNB
INFO: 2021-04-20 05:12:37,073 2021-04-20 05:12:37.073604 Current Ticker ESWAP: $ 1.136614 | Buy Price: 1 | Take Profit: 10 | Stop Loss: Not Enabled | Current Reserves: 4022561182735.7563 BNB
INFO: 2021-04-20 05:12:38,855 2021-04-20 05:12:38.855533 Current Ticker ESWAP: $ 1.136614 | Buy Price: 1 | Take Profit: 10 | Stop Loss: Not Enabled | Current Reserves: 4022561182735.7563 BNB
INFO: 2021-04-20 05:12:38,855 2021-04-20 05:12:38.855533 Current Ticker ESWAP: $ 1.136614 | Buy Price: 1 | Take Profit: 10 | Stop Loss: Not Enabled | Current Reserves: 4022561182735.7563 BNB
INFO: 2021-04-20 05:12:40,640 2021-04-20 05:12:40.640266 Current Ticker ESWAP: $ 1.136613 | Buy Price: 1 | Take Profit: 10 | Stop Loss: Not Enabled | Current Reserves: 4022561182735.7563 BNB
INFO: 2021-04-20 05:12:40,640 2021-04-20 05:12:40.640266 Current Ticker ESWAP: $ 1.136613 | Buy Price: 1 | Take Profit: 10 | Stop Loss: Not Enabled | Current Reserves: 4022561182735.7563 BNB
INFO: 2021-04-20 05:12:42,416 2021-04-20 05:12:42.416245 Current Ticker ESWAP: $ 1.136613 | Buy Price: 1 | Take Profit: 10 | Stop Loss: Not Enabled | Current Reserves: 4022561182735.7563 BNB
INFO: 2021-04-20 05:12:42,422 2021-04-20 05:12:42.422250 Current Ticker ESWAP: $ 1.136613 | Buy Price: 1 | Take Profit: 10 | Stop Loss: Not Enabled | Current Reserves: 4022561182735.7563 BNB
INFO: 2021-04-20 05:12:44,210 2021-04-20 05:12:44.210749 Current Ticker ESWAP: $ 1.136613 | Buy Price: 1 | Take Profit: 10 | Stop Loss: Not Enabled | Current Reserves: 4022561182735.7563 BNB
INFO: 2021-04-20 05:12:44,210 2021-04-20 05:12:44.210749 Current Ticker ESWAP: $ 1.136613 | Buy Price: 1 | Take Profit: 10 | Stop Loss: Not Enabled | Current Reserves: 4022561182735.7563 BNB
INFO: 2021-04-20 05:12:45,993 2021-04-20 05:12:45.993253 Current Ticker ESWAP: $ 1.136207 | Buy Price: 1 | Take Profit: 10 | Stop Loss: Not Enabled | Current Reserves: 4022561182735.7563 BNB
INFO: 2021-04-20 05:12:45,993 2021-04-20 05:12:45.993253 Current Ticker ESWAP: $ 1.136207 | Buy Price: 1 | Take Profit: 10 | Stop Loss: Not Enabled | Current Reserves: 4022561182735.7563 BNB
INFO: 2021-04-20 05:12:47,774 2021-04-20 05:12:47.774841 Current Ticker ESWAP: $ 1.135369 | Buy Price: 1 | Take Profit: 10 | Stop Loss: Not Enabled | Current Reserves: 4022561182735.7563 BNB
INFO: 2021-04-20 05:12:47,774 2021-04-20 05:12:47.774841 Current Ticker ESWAP: $ 1.135369 | Buy Price: 1 | Take Profit: 10 | Stop Loss: Not Enabled | Current Reserves: 4022561182735.7563 BNB
INFO: 2021-04-20 05:12:49,560 2021-04-20 05:12:49.560809 Current Ticker ESWAP: $ 1.134473 | Buy Price: 1 | Take Profit: 10 | Stop Loss: Not Enabled | Current Reserves: 4022561182735.7563 BNB
INFO: 2021-04-20 05:12:49,560 2021-04-20 05:12:49.560809 Current Ticker ESWAP: $ 1.134473 | Buy Price: 1 | Take Profit: 10 | Stop Loss: Not Enabled | Current Reserves: 4022561182735.7563 BNB
INFO: 2021-04-20 05:12:51,358 2021-04-20 05:12:51.358682 Current Ticker ESWAP: $ 1.134473 | Buy Price: 1 | Take Profit: 10 | Stop Loss: Not Enabled | Current Reserves: 4022561182735.7563 BNB
INFO: 2021-04-20 05:12:51,359 2021-04-20 05:12:51.359676 Current Ticker ESWAP: $ 1.134473 | Buy Price: 1 | Take Profit: 10 | Stop Loss: Not Enabled | Current Reserves: 4022561182735.7563 BNB
INFO: 2021-04-20 05:12:53,136 2021-04-20 05:12:53.136815 Current Ticker ESWAP: $ 1.134462 | Buy Price: 1 | Take Profit: 10 | Stop Loss: Not Enabled | Current Reserves: 4022561182735.7563 BNB
INFO: 2021-04-20 05:12:53,136 2021-04-20 05:12:53.136815 Current Ticker ESWAP: $ 1.134462 | Buy Price: 1 | Take Profit: 10 | Stop Loss: Not Enabled | Current Reserves: 4022561182735.7563 BNB
INFO: 2021-04-20 05:12:54,923 2021-04-20 05:12:54.923323 Current Ticker ESWAP: $ 1.134463 | Buy Price: 1 | Take Profit: 10 | Stop Loss: Not Enabled | Current Reserves: 4022561182735.7563 BNB
INFO: 2021-04-20 05:12:54,923 2021-04-20 05:12:54.923323 Current Ticker ESWAP: $ 1.134463 | Buy Price: 1 | Take Profit: 10 | Stop Loss: Not Enabled | Current Reserves: 4022561182735.7563 BNB
INFO: 2021-04-20 05:12:56,706 2021-04-20 05:12:56.706784 Current Ticker ESWAP: $ 1.134463 | Buy Price: 1 | Take Profit: 10 | Stop Loss: Not Enabled | Current Reserves: 4022561182735.7563 BNB
INFO: 2021-04-20 05:12:56,707 2021-04-20 05:12:56.707777 Current Ticker ESWAP: $ 1.134463 | Buy Price: 1 | Take Profit: 10 | Stop Loss: Not Enabled | Current Reserves: 4022561182735.7563 BNB
INFO: 2021-04-20 05:12:58,493 2021-04-20 05:12:58.493426 Current Ticker ESWAP: $ 1.134463 | Buy Price: 1 | Take Profit: 10 | Stop Loss: Not Enabled | Current Reserves: 4022561182735.7563 BNB
INFO: 2021-04-20 05:12:58,493 2021-04-20 05:12:58.493426 Current Ticker ESWAP: $ 1.134463 | Buy Price: 1 | Take Profit: 10 | Stop Loss: Not Enabled | Current Reserves: 4022561182735.7563 BNB
INFO: 2021-04-20 05:13:00,269 2021-04-20 05:13:00.269489 Current Ticker ESWAP: $ 1.134471 | Buy Price: 1 | Take Profit: 10 | Stop Loss: Not Enabled | Current Reserves: 4022561182735.7563 BNB
INFO: 2021-04-20 05:13:00,269 2021-04-20 05:13:00.269489 Current Ticker ESWAP: $ 1.134471 | Buy Price: 1 | Take Profit: 10 | Stop Loss: Not Enabled | Current Reserves: 4022561182735.7563 BNB
INFO: 2021-04-20 05:13:02,063 2021-04-20 05:13:02.063728 Current Ticker ESWAP: $ 1.134472 | Buy Price: 1 | Take Profit: 10 | Stop Loss: Not Enabled | Current Reserves: 4022561182735.7563 BNB
INFO: 2021-04-20 05:13:02,063 2021-04-20 05:13:02.063728 Current Ticker ESWAP: $ 1.134472 | Buy Price: 1 | Take Profit: 10 | Stop Loss: Not Enabled | Current Reserves: 4022561182735.7563 BNB
INFO: 2021-04-20 05:13:03,854 2021-04-20 05:13:03.854686 Current Ticker ESWAP: $ 1.134472 | Buy Price: 1 | Take Profit: 10 | Stop Loss: Not Enabled | Current Reserves: 4022561182735.7563 BNB
INFO: 2021-04-20 05:13:03,854 2021-04-20 05:13:03.854686 Current Ticker ESWAP: $ 1.134472 | Buy Price: 1 | Take Profit: 10 | Stop Loss: Not Enabled | Current Reserves: 4022561182735.7563 BNB
INFO: 2021-04-20 05:13:05,636 2021-04-20 05:13:05.636634 Current Ticker ESWAP: $ 1.134472 | Buy Price: 1 | Take Profit: 10 | Stop Loss: Not Enabled | Current Reserves: 4022561182735.7563 BNB
INFO: 2021-04-20 05:13:05,636 2021-04-20 05:13:05.636634 Current Ticker ESWAP: $ 1.134472 | Buy Price: 1 | Take Profit: 10 | Stop Loss: Not Enabled | Current Reserves: 4022561182735.7563 BNB
INFO: 2021-04-20 05:13:07,440 2021-04-20 05:13:07.440647 Current Ticker ESWAP: $ 1.134472 | Buy Price: 1 | Take Profit: 10 | Stop Loss: Not Enabled | Current Reserves: 4022561182735.7563 BNB
INFO: 2021-04-20 05:13:07,440 2021-04-20 05:13:07.440647 Current Ticker ESWAP: $ 1.134472 | Buy Price: 1 | Take Profit: 10 | Stop Loss: Not Enabled | Current Reserves: 4022561182735.7563 BNB
