2021-04-20 04:49:45.866662 Current Tokens Staked = 2544.67713759
2021-04-20 04:49:46.088705 Casual Price = 100 Tokens Staked
2021-04-20 04:49:46.088705 Trader Price = 250 Tokens Staked
2021-04-20 04:49:46.192709 Welcome Pro User!
2021-04-20 04:49:46.198727 Starting Pro Bot
2021-04-20 04:49:59.768300 Current Tokens Staked = 2544.67713759
2021-04-20 04:49:59.968862 Casual Price = 100 Tokens Staked
2021-04-20 04:49:59.968862 Trader Price = 250 Tokens Staked
2021-04-20 04:50:00.071885 Welcome Pro User!
2021-04-20 04:50:00.071885 Starting Pro Bot
2021-04-20 04:50:44.359749 Current Tokens Staked = 2544.67713759
2021-04-20 04:50:44.553692 Casual Price = 100 Tokens Staked
2021-04-20 04:50:44.554700 Trader Price = 250 Tokens Staked
2021-04-20 04:50:44.646361 Welcome Pro User!
2021-04-20 04:50:44.646361 Starting Pro Bot
2021-04-20 04:50:55.994948 Current Tokens Staked = 2544.67713759
2021-04-20 04:50:56.207298 Casual Price = 100 Tokens Staked
2021-04-20 04:50:56.207298 Trader Price = 250 Tokens Staked
2021-04-20 04:50:56.305714 Welcome Pro User!
2021-04-20 04:50:56.305714 Starting Pro Bot
2021-04-20 04:51:13.654747 Current Tokens Staked = 2544.67713759
2021-04-20 04:51:13.851112 Casual Price = 100 Tokens Staked
2021-04-20 04:51:13.851112 Trader Price = 250 Tokens Staked
2021-04-20 04:51:13.949054 Welcome Pro User!
2021-04-20 04:51:13.949054 Starting Pro Bot
2021-04-20 04:51:42.441556 Current Tokens Staked = 2544.67713759
2021-04-20 04:51:42.636286 Casual Price = 100 Tokens Staked
2021-04-20 04:51:42.636286 Trader Price = 250 Tokens Staked
2021-04-20 04:51:42.738136 Welcome Pro User!
2021-04-20 04:51:42.738136 Starting Pro Bot
2021-04-20 04:51:49.290130 Current Tokens Staked = 2544.67713759
2021-04-20 04:51:49.481348 Casual Price = 100 Tokens Staked
2021-04-20 04:51:49.482348 Trader Price = 250 Tokens Staked
2021-04-20 04:51:49.580149 Welcome Pro User!
2021-04-20 04:51:49.580149 Starting Pro Bot
2021-04-20 05:10:10.797053 Current Tokens Staked = 2544.67713759
2021-04-20 05:10:10.994839 Casual Price = 100 Tokens Staked
2021-04-20 05:10:10.994839 Trader Price = 250 Tokens Staked
2021-04-20 05:10:11.095231 Welcome Pro User!
2021-04-20 05:10:11.095231 Starting Pro Bot
2021-04-20 05:10:11.096232 Calling Many
2021-04-20 05:10:11.596339 Saving{'ADDRESS': '0x1b79708EeA29900DbbbcA8A5Ae620aC741618ae4', 'SYMBOL': 'ESWAP', 'BUYPRICE': '1', 'SELLPRICE': '10', 'BUYAMOUNT': '5', 'MAXTOKENS': '5', 'STOPLOSS': '10', 'MOONBAG': '1', 'HASFEES': 'false', 'LIQUIDITYCHECK': '50', 'ENABLED': 'true', 'PREAPPROVE': 'false', 'Decimals': '5', 'ID': 'unique1'}ABI to JSON
2021-04-20 05:10:14.293104 Current Tokens Staked = 2544.67713759
2021-04-20 05:10:14.501630 Casual Price = 100 Tokens Staked
2021-04-20 05:10:14.502625 Trader Price = 250 Tokens Staked
2021-04-20 05:10:14.609365 Welcome Pro User!
2021-04-20 05:10:14.609365 Starting Pro Bot
2021-04-20 05:10:14.610374 Calling Many
2021-04-20 05:12:30.468926 Current Tokens Staked = 2544.67713759
2021-04-20 05:12:32.147445 Casual Price = 100 Tokens Staked
2021-04-20 05:12:32.147445 Trader Price = 250 Tokens Staked
2021-04-20 05:12:32.248420 Welcome Pro User!
2021-04-20 05:12:32.248420 Starting Pro Bot
2021-04-20 05:12:32.248420 Calling Many
2021-04-20 05:12:35.289333 Current Ticker ESWAP: $ 1.136454 | Buy Price: 1 | Take Profit: 10 | Stop Loss: Not Enabled | Current Reserves: 4022561182735.7563 BNB
2021-04-20 05:12:37.073604 Current Ticker ESWAP: $ 1.136614 | Buy Price: 1 | Take Profit: 10 | Stop Loss: Not Enabled | Current Reserves: 4022561182735.7563 BNB
2021-04-20 05:12:38.855533 Current Ticker ESWAP: $ 1.136614 | Buy Price: 1 | Take Profit: 10 | Stop Loss: Not Enabled | Current Reserves: 4022561182735.7563 BNB
2021-04-20 05:12:40.640266 Current Ticker ESWAP: $ 1.136613 | Buy Price: 1 | Take Profit: 10 | Stop Loss: Not Enabled | Current Reserves: 4022561182735.7563 BNB
2021-04-20 05:12:42.422250 Current Ticker ESWAP: $ 1.136613 | Buy Price: 1 | Take Profit: 10 | Stop Loss: Not Enabled | Current Reserves: 4022561182735.7563 BNB
2021-04-20 05:12:44.210749 Current Ticker ESWAP: $ 1.136613 | Buy Price: 1 | Take Profit: 10 | Stop Loss: Not Enabled | Current Reserves: 4022561182735.7563 BNB
2021-04-20 05:12:45.993253 Current Ticker ESWAP: $ 1.136207 | Buy Price: 1 | Take Profit: 10 | Stop Loss: Not Enabled | Current Reserves: 4022561182735.7563 BNB
2021-04-20 05:12:47.774841 Current Ticker ESWAP: $ 1.135369 | Buy Price: 1 | Take Profit: 10 | Stop Loss: Not Enabled | Current Reserves: 4022561182735.7563 BNB
2021-04-20 05:12:49.560809 Current Ticker ESWAP: $ 1.134473 | Buy Price: 1 | Take Profit: 10 | Stop Loss: Not Enabled | Current Reserves: 4022561182735.7563 BNB
2021-04-20 05:12:51.359676 Current Ticker ESWAP: $ 1.134473 | Buy Price: 1 | Take Profit: 10 | Stop Loss: Not Enabled | Current Reserves: 4022561182735.7563 BNB
2021-04-20 05:12:53.136815 Current Ticker ESWAP: $ 1.134462 | Buy Price: 1 | Take Profit: 10 | Stop Loss: Not Enabled | Current Reserves: 4022561182735.7563 BNB
2021-04-20 05:12:54.923323 Current Ticker ESWAP: $ 1.134463 | Buy Price: 1 | Take Profit: 10 | Stop Loss: Not Enabled | Current Reserves: 4022561182735.7563 BNB
2021-04-20 05:12:56.707777 Current Ticker ESWAP: $ 1.134463 | Buy Price: 1 | Take Profit: 10 | Stop Loss: Not Enabled | Current Reserves: 4022561182735.7563 BNB
2021-04-20 05:12:58.493426 Current Ticker ESWAP: $ 1.134463 | Buy Price: 1 | Take Profit: 10 | Stop Loss: Not Enabled | Current Reserves: 4022561182735.7563 BNB
2021-04-20 05:13:00.269489 Current Ticker ESWAP: $ 1.134471 | Buy Price: 1 | Take Profit: 10 | Stop Loss: Not Enabled | Current Reserves: 4022561182735.7563 BNB
2021-04-20 05:13:02.063728 Current Ticker ESWAP: $ 1.134472 | Buy Price: 1 | Take Profit: 10 | Stop Loss: Not Enabled | Current Reserves: 4022561182735.7563 BNB
2021-04-20 05:13:03.854686 Current Ticker ESWAP: $ 1.134472 | Buy Price: 1 | Take Profit: 10 | Stop Loss: Not Enabled | Current Reserves: 4022561182735.7563 BNB
2021-04-20 05:13:05.636634 Current Ticker ESWAP: $ 1.134472 | Buy Price: 1 | Take Profit: 10 | Stop Loss: Not Enabled | Current Reserves: 4022561182735.7563 BNB
2021-04-20 05:13:07.440647 Current Ticker ESWAP: $ 1.134472 | Buy Price: 1 | Take Profit: 10 | Stop Loss: Not Enabled | Current Reserves: 4022561182735.7563 BNB
